2022-05-20 16:34:33.322  INFO 15604 --- [restartedMain] c.d.black_fox_ex.BlackFoxExApplication   : Starting BlackFoxExApplication using Java 17.0.2 on Skuratovs-MacBook-Air.local with PID 15604 (/Users/stas_ex/IdeaProjects/Diplom_Spring/target/classes started by stas_ex in /Users/stas_ex/IdeaProjects/Diplom_Spring)
2022-05-20 16:34:33.334  INFO 15604 --- [restartedMain] c.d.black_fox_ex.BlackFoxExApplication   : No active profile set, falling back to default profiles: default
2022-05-20 16:34:33.642  INFO 15604 --- [restartedMain] o.s.b.devtools.restart.ChangeableUrls    : The Class-Path manifest attribute in /Users/stas_ex/.m2/repository/com/sun/xml/bind/jaxb-core/2.3.0/jaxb-core-2.3.0.jar referenced one or more files that do not exist: file:/Users/stas_ex/.m2/repository/com/sun/xml/bind/jaxb-core/2.3.0/jaxb-api.jar
2022-05-20 16:34:33.643  INFO 15604 --- [restartedMain] o.s.b.devtools.restart.ChangeableUrls    : The Class-Path manifest attribute in /Users/stas_ex/.m2/repository/com/sun/xml/bind/jaxb-impl/2.3.0/jaxb-impl-2.3.0.jar referenced one or more files that do not exist: file:/Users/stas_ex/.m2/repository/com/sun/xml/bind/jaxb-impl/2.3.0/jaxb-core.jar
2022-05-20 16:34:33.644  INFO 15604 --- [restartedMain] .e.DevToolsPropertyDefaultsPostProcessor : Devtools property defaults active! Set 'spring.devtools.add-properties' to 'false' to disable
2022-05-20 16:34:33.644  INFO 15604 --- [restartedMain] .e.DevToolsPropertyDefaultsPostProcessor : For additional web related logging consider setting the 'logging.level.web' property to 'DEBUG'
2022-05-20 16:34:34.622  INFO 15604 --- [restartedMain] .s.d.r.c.RepositoryConfigurationDelegate : Bootstrapping Spring Data JPA repositories in DEFAULT mode.
2022-05-20 16:34:34.700  INFO 15604 --- [restartedMain] .s.d.r.c.RepositoryConfigurationDelegate : Finished Spring Data repository scanning in 66 ms. Found 4 JPA repository interfaces.
2022-05-20 16:34:36.206  INFO 15604 --- [restartedMain] o.s.b.w.embedded.tomcat.TomcatWebServer  : Tomcat initialized with port(s): 8080 (http)
2022-05-20 16:34:36.223  INFO 15604 --- [restartedMain] o.apache.catalina.core.StandardService   : Starting service [Tomcat]
2022-05-20 16:34:36.224  INFO 15604 --- [restartedMain] org.apache.catalina.core.StandardEngine  : Starting Servlet engine: [Apache Tomcat/9.0.54]
2022-05-20 16:34:36.392  INFO 15604 --- [restartedMain] o.a.c.c.C.[Tomcat].[localhost].[/]       : Initializing Spring embedded WebApplicationContext
2022-05-20 16:34:36.393  INFO 15604 --- [restartedMain] w.s.c.ServletWebServerApplicationContext : Root WebApplicationContext: initialization completed in 2747 ms
2022-05-20 16:34:36.664  INFO 15604 --- [restartedMain] o.hibernate.jpa.internal.util.LogHelper  : HHH000204: Processing PersistenceUnitInfo [name: default]
2022-05-20 16:34:36.742  INFO 15604 --- [restartedMain] org.hibernate.Version                    : HHH000412: Hibernate ORM core version 5.4.32.Final
2022-05-20 16:34:36.948  INFO 15604 --- [restartedMain] o.hibernate.annotations.common.Version   : HCANN000001: Hibernate Commons Annotations {5.1.2.Final}
2022-05-20 16:34:37.094  INFO 15604 --- [restartedMain] com.zaxxer.hikari.HikariDataSource       : HikariPool-1 - Starting...
2022-05-20 16:34:37.114  WARN 15604 --- [restartedMain] com.zaxxer.hikari.util.DriverDataSource  : Registered driver with driverClassName=com.mysql.jdbc.Driver was not found, trying direct instantiation.
2022-05-20 16:34:37.712  INFO 15604 --- [restartedMain] com.zaxxer.hikari.HikariDataSource       : HikariPool-1 - Start completed.
2022-05-20 16:34:37.740  INFO 15604 --- [restartedMain] org.hibernate.dialect.Dialect            : HHH000400: Using dialect: org.hibernate.dialect.MySQL8Dialect
2022-05-20 16:34:39.866  INFO 15604 --- [restartedMain] o.h.e.t.j.p.i.JtaPlatformInitiator       : HHH000490: Using JtaPlatform implementation: [org.hibernate.engine.transaction.jta.platform.internal.NoJtaPlatform]
2022-05-20 16:34:39.882  INFO 15604 --- [restartedMain] j.LocalContainerEntityManagerFactoryBean : Initialized JPA EntityManagerFactory for persistence unit 'default'
2022-05-20 16:34:40.974  WARN 15604 --- [restartedMain] JpaBaseConfiguration$JpaWebConfiguration : spring.jpa.open-in-view is enabled by default. Therefore, database queries may be performed during view rendering. Explicitly configure spring.jpa.open-in-view to disable this warning
2022-05-20 16:34:41.572  INFO 15604 --- [restartedMain] o.s.s.web.DefaultSecurityFilterChain     : Will secure Ant [pattern='/Users/stas_ex/IdeaProjects/Diplom_Spring/src/main/resources/img/user-img/**'] with []
2022-05-20 16:34:41.573  INFO 15604 --- [restartedMain] o.s.s.web.DefaultSecurityFilterChain     : Will secure Ant [pattern='/Users/stas_ex/IdeaProjects/Diplom_Spring/src/main/resources/img/history-img/**'] with []
2022-05-20 16:34:41.647  INFO 15604 --- [restartedMain] o.s.s.web.DefaultSecurityFilterChain     : Will secure any request with [org.springframework.security.web.context.request.async.WebAsyncManagerIntegrationFilter@3881e41b, org.springframework.security.web.context.SecurityContextPersistenceFilter@14dfacf9, org.springframework.security.web.header.HeaderWriterFilter@57d5ca99, org.springframework.security.web.csrf.CsrfFilter@4ab4cb4d, org.springframework.security.web.authentication.logout.LogoutFilter@26476155, org.springframework.security.web.authentication.UsernamePasswordAuthenticationFilter@6c8d2c6, org.springframework.security.web.savedrequest.RequestCacheAwareFilter@57c18e4d, org.springframework.security.web.servletapi.SecurityContextHolderAwareRequestFilter@5e36bc28, org.springframework.security.web.authentication.AnonymousAuthenticationFilter@1c8b50ec, org.springframework.security.web.session.SessionManagementFilter@725515bb, org.springframework.security.web.access.ExceptionTranslationFilter@197462b1, org.springframework.security.web.access.intercept.FilterSecurityInterceptor@782276fc]
2022-05-20 16:34:42.653  INFO 15604 --- [restartedMain] o.s.b.d.a.OptionalLiveReloadServer       : LiveReload server is running on port 35729
2022-05-20 16:34:42.725  INFO 15604 --- [restartedMain] o.s.b.w.embedded.tomcat.TomcatWebServer  : Tomcat started on port(s): 8080 (http) with context path ''
2022-05-20 16:34:42.752  INFO 15604 --- [restartedMain] c.d.black_fox_ex.BlackFoxExApplication   : Started BlackFoxExApplication in 16.327 seconds (JVM running for 19.228)
2022-05-20 16:36:50.287  INFO 15604 --- [SpringApplicationShutdownHook] j.LocalContainerEntityManagerFactoryBean : Closing JPA EntityManagerFactory for persistence unit 'default'
2022-05-20 16:36:50.295  INFO 15604 --- [SpringApplicationShutdownHook] com.zaxxer.hikari.HikariDataSource       : HikariPool-1 - Shutdown initiated...
2022-05-20 16:36:50.306  INFO 15604 --- [SpringApplicationShutdownHook] com.zaxxer.hikari.HikariDataSource       : HikariPool-1 - Shutdown completed.
